2022-02-08 09:10:13 [127.0.0.1][-][-][error][yii\web\HttpException:404] yii\base\InvalidRouteException: Unable to resolve the request "". in /var/www/html/mcmvws/mcmvcpost/vendor/yiisoft/yii2/base/Module.php:561
Stack trace:
#0 /var/www/html/mcmvws/mcmvcpost/vendor/yiisoft/yii2/web/Application.php(103): yii\base\Module->runAction()
#1 /var/www/html/mcmvws/mcmvcpost/vendor/yiisoft/yii2/base/Application.php(384): yii\web\Application->handleRequest()
#2 /var/www/html/mcmvws/mcmvcpost/web/index.php(23): yii\base\Application->run()
#3 {main}

Next yii\web\NotFoundHttpException: Página não encontrada. in /var/www/html/mcmvws/mcmvcpost/vendor/yiisoft/yii2/web/Application.php:115
Stack trace:
#0 /var/www/html/mcmvws/mcmvcpost/vendor/yiisoft/yii2/base/Application.php(384): yii\web\Application->handleRequest()
#1 /var/www/html/mcmvws/mcmvcpost/web/index.php(23): yii\base\Application->run()
#2 {main}
2022-02-08 09:10:13 [127.0.0.1][-][-][info][application] $_GET = []

$_POST = []

$_FILES = []

$_COOKIE = [
    'PHPSESSID' => '732586kc9tri9hrbo0f84bthm6'
    '_csrf' => 'a5511602ecaf2a122fb9b6c20bd16add9732454bd965607364ba7c46763668e1a:2:{i:0;s:5:\"_csrf\";i:1;s:32:\"61aBsSMOwRM6nKNQpOp-SDuI6SLf8R0D\";}'
]

$_SERVER = [
    'REDIRECT_STATUS' => '200'
    'HTTP_HOST' => 'mcmvcpost.hab.lan'
    'HTTP_CONNECTION' => 'keep-alive'
    'HTTP_CACHE_CONTROL' => 'max-age=0'
    'HTTP_SEC_CH_UA' => '\" Not A;Brand\";v=\"99\", \"Chromium\";v=\"90\"'
    'HTTP_SEC_CH_UA_MOBILE' => '?0'
    'HTTP_UPGRADE_INSECURE_REQUESTS' => '1'
    'HTTP_USER_AGENT' => 'Mozilla/5.0 (X11; Linux x86_64) AppleWebKit/537.36 (KHTML, like Gecko) Chrome/90.0.4430.212 Safari/537.36'
    'HTTP_ACCEPT' => 'text/html,application/xhtml+xml,application/xml;q=0.9,image/avif,image/webp,image/apng,*/*;q=0.8,application/signed-exchange;v=b3;q=0.9'
    'HTTP_SEC_FETCH_SITE' => 'none'
    'HTTP_SEC_FETCH_MODE' => 'navigate'
    'HTTP_SEC_FETCH_USER' => '?1'
    'HTTP_SEC_FETCH_DEST' => 'document'
    'HTTP_ACCEPT_ENCODING' => 'gzip, deflate, br'
    'HTTP_ACCEPT_LANGUAGE' => 'pt-BR,pt;q=0.9,en-US;q=0.8,en;q=0.7'
    'HTTP_COOKIE' => 'PHPSESSID=732586kc9tri9hrbo0f84bthm6; _csrf=a5511602ecaf2a122fb9b6c20bd16add9732454bd965607364ba7c46763668e1a%3A2%3A%7Bi%3A0%3Bs%3A5%3A%22_csrf%22%3Bi%3A1%3Bs%3A32%3A%2261aBsSMOwRM6nKNQpOp-SDuI6SLf8R0D%22%3B%7D'
    'PATH' => '/usr/local/sbin:/usr/local/bin:/usr/sbin:/usr/bin:/sbin:/bin:/snap/bin'
    'SERVER_SIGNATURE' => '<address>Apache/2.4.38 (Debian) Server at mcmvcpost.hab.lan Port 80</address>
'
    'SERVER_SOFTWARE' => 'Apache/2.4.38 (Debian)'
    'SERVER_NAME' => 'mcmvcpost.hab.lan'
    'SERVER_ADDR' => '127.0.0.1'
    'SERVER_PORT' => '80'
    'REMOTE_ADDR' => '127.0.0.1'
    'DOCUMENT_ROOT' => '/var/www/html/mcmvws/mcmvcpost'
    'REQUEST_SCHEME' => 'http'
    'CONTEXT_PREFIX' => ''
    'CONTEXT_DOCUMENT_ROOT' => '/var/www/html/mcmvws/mcmvcpost'
    'SERVER_ADMIN' => '[no address given]'
    'SCRIPT_FILENAME' => '/var/www/html/mcmvws/mcmvcpost/web/index.php'
    'REMOTE_PORT' => '38610'
    'REDIRECT_URL' => '/'
    'GATEWAY_INTERFACE' => 'CGI/1.1'
    'SERVER_PROTOCOL' => 'HTTP/1.1'
    'REQUEST_METHOD' => 'GET'
    'QUERY_STRING' => ''
    'REQUEST_URI' => '/'
    'SCRIPT_NAME' => '/web/index.php'
    'PHP_SELF' => '/web/index.php'
    'REQUEST_TIME_FLOAT' => 1644322213.6602
    'REQUEST_TIME' => 1644322213
]
